------------------------------------
START to create CSV from GoogleSheet
----------------------------------------
total length of data... 2115
 last data ....
['小川\u3000健太', '', '国立成育医療センター', 'チラーヂンＳ散０．０１％', '2018/10/30', '90', '', '2018/11/13', '', '2018/07/02']
Running platform: Windows
done.
generated file --> L:/ipython\longterm2.csv
insert GoogleSheet into DynamoDB(local) 
TABLE creation date: 2018-06-30 18:12:57.501000+09:00
filename for longterm2--> L:/ipython\longterm2.csv
* max date (previous date of latest date)  .. 2018-07-02T00:00:00.000000000
csv longterm total count: 2114
Latest czDate of csv longterm 2018-07-02T00:00:00.000000000
inserted counter -->  100
2018/06/19 前田　君子 田幡医院 グラクティブ錠５０ｍｇ 28.00 2018/07/03 2018/05/22
inserted counter -->  200
2018/06/22 浜崎　五男 高島平中央総病院 フェロ・グラデュメット錠１０５ｍｇ 42.00 2018/07/06 2018/05/11
inserted counter -->  300
2018/06/25 野口　峻矢 心身障害児総合医療療育センタ ダントリウムカプセル２５ｍｇ 36.00 2018/07/09 2018/04/26
inserted counter -->  400
2018/06/27 大嶽　由美子 田幡医院 アムロジピンＯＤ錠５ｍｇ「ＥＭＥＣ」 30.00 2018/07/11 2018/05/28
inserted counter -->  500
2018/06/29 斎藤　浩史 田幡医院 エナラプリルマレイン酸塩錠２．５ｍｇ「ファイザー」 14.00 2018/07/13 2018/06/15
inserted counter -->  600
2018/06/30 桜井　敏子 佐藤歯科医院 ロキソニン錠６０ｍｇ 12.00 2018/07/14 2018/06/26
inserted counter -->  700
2018/07/03 クロオ　カオル 田幡医院 ウルティブロ吸入用カプセル 28.00 2018/06/20 2018/06/05
inserted counter -->  800
2018/07/04 篠本　美智 田幡医院 ベタニス錠５０ｍｇ 30.00 2018/07/18 2018/06/04
inserted counter -->  900
2018/07/05 小池　拓実 心身障害児総合医療療育センタ ソリタ−Ｔ配合顆粒３号　４ｇ 810.00 2018/07/19 2018/04/06
inserted counter -->  1000
2018/07/07 米山　忠三 田幡医院 エペリゾン塩酸塩錠５０ｍｇ「日医工」 42.00 2018/07/21 2018/06/23
inserted counter -->  1100
2018/07/10 山中　茂 田幡医院 ビソプロロールフマル酸塩錠０．６２５ｍｇ「トーワ」 28.00 2018/07/24 2018/06/12
inserted counter -->  1200
2018/07/12 佐藤　タツコ 医社）翔雄会ねや内科クリニック リスモダンＲ錠１５０ｍｇ 84.00 2018/07/26 2018/05/31
inserted counter -->  1300
2018/07/14 塩野　裕子 板ハシ区医師会病院 ドレニゾンテープ４μｇ／ｃｍ２　０．３ｍｇ７．５ｃｍ×１０ｃｍ 3.00 2018/06/29 2018/06/14
inserted counter -->  1400
2018/07/18 加藤　美子 田幡医院 テラムロ配合錠ＢＰ「ＤＳＥＰ」 28.00 2018/08/01 2018/06/20
inserted counter -->  1500
2018/07/19 斉藤　奈津子 田幡医院 テルミサルタン錠４０ｍｇ「ＤＳＥＰ」 30.00 2018/08/02 2018/06/19
inserted counter -->  1600
2018/07/23 岡田　浩 田幡医院 モーラステープＬ４０ｍｇ　１０ｃｍ×１４ｃｍ 35.00 2018/07/07 2018/06/22
inserted counter -->  1700
2018/07/25 菊池　直行 田幡医院 ベザフィブラートＳＲ錠２００ｍｇ「サワイ」 60.00 2018/08/08 2018/06/25
inserted counter -->  1800
2018/07/27 池島　豊彦 田幡医院 エクメット配合錠ＨＤ 60.00 2018/08/10 2018/06/27
inserted counter -->  1900
2018/07/30 望月　俊英 田幡医院 エクメット配合錠ＨＤ 56.00 2018/08/13 2018/07/02
inserted counter -->  2000
2018/08/13 須藤　誠 宮下産科婦人科医院 ボグリボースＯＤ錠０．３ｍｇ「日医工」 156.00 2018/08/27 2018/06/21
inserted counter -->  2100
2018/09/18 高山　貞子 地方独立行政法人健康長寿医療センター ボルタレンゲル１％ 100.00 2018/06/27 2018/06/12
Table main key : nextDate + czDate + name + hospital + medicine + str_total_amount
total data records from RECEPTY:  2113
total table count after insertion. 4093
build integrate2.csv (newly added data from RECEPTY) for GoogleSheet 
TABLE creation date: 2018-06-30 18:12:57.501000+09:00
medicine master file: L:/RECEPTY\y.csv
holiday file: L:/RECEPTY\holiday.csv
df_tok shape  (552, 10)
df_merge shape  (552, 10)
    name mark      hospital    ...            exp standard     czDate
0  菊池　直行       徳丸わらべ歯科クリニック    ...     2018-07-19          2018-07-02
1  菊池　直行       徳丸わらべ歯科クリニック    ...     2018-07-20          2018-07-02
0  徳元　秀行               田幡医院    ...     2018-08-15          2018-07-02
1  徳元　秀行               田幡医院    ...     2018-08-15          2018-07-02
2  徳元　秀行               田幡医院    ...     2018-08-15          2018-07-02

[5 rows x 10 columns]
* shape of tokyo/national integrated date (552, 10)
Exclude Tobunerima Clinic
* shape after omitting Tobunerima clinic.... (86, 10)
Selected data having new czDate / name.  (0, 10)
data is saved. L:/ipython\integrate2.csv
------------------------------------
Append RECEPTY new data on Google Sheet.
2115
----------------------------------------
 last data ....
['小川\u3000健太', '', '国立成育医療センター', 'チラーヂンＳ散０．０１％', '2018/10/30', '90', '', '2018/11/13', '', '2018/07/02']
Running platform: Windows
total record(s) of integrate2.csv 0
Sorry, but data is ZERO.
CLEAR sheetFilter.....
SET BasiSheetFilter for Col A~J .....
{'replies': [{}, {}, {}],
 'spreadsheetId': '17iCNpYNaM4Lt88LtrBfJKCcwfLSdb8wLkFz1kicRk5o'}
